::1 GET /books? 200 212 - 16.888 ms
::1 GET /books? 304 - - 7.686 ms
::1 GET /books? 304 - - 7.936 ms
::1 GET /books? 304 - - 10.632 ms
::1 GET /books?name=el+von 200 26 - 27.605 ms
::1 GET /books?name=el+v 200 26 - 7.522 ms
::1 GET /books?name=el+ 200 212 - 2.614 ms
::1 GET /books?name=el&author=saint 200 212 - 3.650 ms
::1 GET /books?name=el&author=saihhhj 200 212 - 3.023 ms
::1 GET /books?name=el&author=ghfghf 200 212 - 2.898 ms
::1 GET /books?name=el&stock=400 200 26 - 5.642 ms
::1 GET /books?name=el&stock=10 200 212 - 2.282 ms
::1 GET /books?name=el&stock=9 200 26 - 1.873 ms
::1 GET /books?name=el&category=fantasia 200 26 - 2.054 ms
::1 GET /books?category=fantasia 200 26 - 1.635 ms
::1 GET /books?category=Todas+las+categorias 200 26 - 6.424 ms
::1 GET /books?name=el+prin&category=Todas+las+categorias 200 26 - 2.060 ms
::1 GET /books?name=el+prin&category=Todas+las+categorias 304 - - 1.830 ms
::1 GET /books?name=el+prin&category=Todas+las+categorias 304 - - 1.857 ms
::1 GET /books?name=el+prin&category=Todas+las+categorias 304 - - 2.411 ms
::1 GET /books?category=Todas+las+categorias 304 - - 1.744 ms
::1 GET /books?category=Todas+las+categorias 304 - - 1.691 ms
::1 GET /books? 304 - - 4.880 ms
::1 GET /books? 304 - - 2.958 ms
::1 GET /books?category=fantasia 304 - - 2.077 ms
::1 GET /books?category=Todas+las+categorias 304 - - 2.487 ms
::1 GET /books? 304 - - 3.991 ms
::1 GET /books? 304 - - 2.516 ms
::1 GET /books? 304 - - 2.668 ms
::1 GET /books?category=misterio 200 26 - 2.669 ms
::1 GET /books?category=Todas+las+categorias 304 - - 1.661 ms
::1 GET /books? 304 - - 3.628 ms
::1 GET /books? 304 - - 3.201 ms
::1 GET /books?minPrice=4 200 212 - 6.472 ms
::1 GET /books?minPrice=4&maxPrice=4000 200 212 - 2.555 ms
::1 GET /books?minPrice=4&maxPrice=400 200 26 - 1.732 ms
::1 GET /books?minPrice=4&maxPrice=100000 200 212 - 2.708 ms
::1 GET /books?minPrice=400&maxPrice=100000 200 212 - 1.779 ms
::1 GET /books?minPrice=4000&maxPrice=100000 200 26 - 1.753 ms
::1 GET /books? 304 - - 18.393 ms
::1 GET /books? 304 - - 4.456 ms
::1 GET /books?author=sai 200 212 - 5.660 ms
::1 GET /books?author=saidadas 200 26 - 3.317 ms
::1 GET /books? 304 - - 2.448 ms
::1 GET /books?category=misterio 304 - - 2.906 ms
::1 GET /books?category=ciencia_ficcion 200 26 - 2.294 ms
::1 GET /books?category=terror 200 26 - 2.524 ms
::1 GET /books?category=fantasia 304 - - 3.006 ms
::1 GET /books?category=drama 200 26 - 2.268 ms
::1 GET /books?category=Todas+las+categorias 304 - - 1.731 ms
::1 GET /books?category=Todas+las+categorias 304 - - 1.812 ms
::1 GET /books?category=Todas+las+categorias 304 - - 1.713 ms
::1 GET /books?category=Todas+las+categorias 304 - - 1.972 ms
::1 GET /books?category=Todas+las+categorias 304 - - 2.718 ms
::1 GET /books? 304 - - 5.245 ms
::1 GET /books? 304 - - 2.675 ms
::1 GET /books?category=misterio 304 - - 1.971 ms
::1 GET /books?category=Todas+las+categorias 304 - - 1.497 ms
::1 GET /books?category=fantasia 304 - - 1.899 ms
::1 GET /books?category=Todas+las+categorias 304 - - 1.786 ms
::1 GET /books? 304 - - 2.664 ms
::1 GET /books? 304 - - 4.852 ms
::1 GET /books?category=misterio 304 - - 2.283 ms
::1 GET /books? 304 - - 1.987 ms
::1 GET /books?category=fantasia 304 - - 1.963 ms
::1 GET /books? 304 - - 1.734 ms
::1 GET /books?category=aventura 200 26 - 2.148 ms
::1 GET /books? 304 - - 1.562 ms
::1 GET /books?category=misterio 304 - - 2.013 ms
::1 GET /books? 304 - - 2.349 ms
::1 GET /books? 304 - - 2.557 ms
::1 GET /books? 304 - - 6.079 ms
::1 POST /auth/register 201 160 - 92.395 ms
::1 POST /auth/login 200 235 - 77.049 ms
::1 GET /books? 304 - - 3.553 ms
::1 GET /books? 304 - - 6.151 ms
::1 GET /books? 304 - - 2.810 ms
::1 GET /books? 304 - - 3.975 ms
::1 GET /books?author=sa 200 212 - 1.992 ms
::1 GET /books?category=misterio&author=sa 200 26 - 1.725 ms
::1 GET /books?author=sa 304 - - 1.780 ms
::1 POST /auth/login 200 235 - 69.567 ms
::1 GET /books? 304 - - 3.391 ms
::1 GET /books? 304 - - 4.880 ms
::1 GET /books? 304 - - 2.285 ms
::1 GET /books? 304 - - 7.516 ms
::1 GET /books? 304 - - 2.288 ms
::1 GET /books? 304 - - 2.798 ms
::1 POST /auth/login 200 235 - 69.544 ms
::1 GET /books? 304 - - 4.011 ms
::1 GET /books? 304 - - 5.167 ms
::1 GET /books? 304 - - 4.728 ms
::1 GET /books? 304 - - 3.534 ms
::1 GET /books? 304 - - 2.875 ms
::1 GET /books? 304 - - 4.513 ms
::1 POST /auth/login 200 235 - 69.252 ms
::1 GET /books? 304 - - 3.946 ms
::1 GET /books? 304 - - 4.095 ms
::1 GET /books? 304 - - 4.203 ms
::1 GET /books? 304 - - 3.755 ms
::1 GET /books? 304 - - 2.688 ms
::1 GET /books? 304 - - 3.963 ms
::1 POST /auth/login 200 235 - 71.129 ms
::1 GET /books? 304 - - 2.099 ms
::1 GET /books? 304 - - 3.089 ms
::1 PATCH /books/69375b2956ac60fa646c12d0 200 210 - 19.858 ms
::1 GET /books? 200 212 - 2.892 ms
::1 GET /books?category=fantasia 304 - - 2.065 ms
::1 GET /books?category=fantasia 304 - - 1.684 ms
::1 GET /books? 304 - - 2.159 ms
::1 POST /books 400 45 - 1.459 ms
::1 POST /books 201 212 - 3.118 ms
::1 GET /books? 200 401 - 7.434 ms
::1 GET /books? 304 - - 6.650 ms
::1 GET /books? 304 - - 4.686 ms
::1 GET /books? 304 - - 6.004 ms
::1 POST /auth/login 200 235 - 70.007 ms
::1 GET /books? 304 - - 4.525 ms
::1 GET /books? 304 - - 5.104 ms
::1 GET /books? 304 - - 3.091 ms
::1 GET /books? 304 - - 7.515 ms
::1 POST /auth/login 200 235 - 70.886 ms
::1 GET /books? 304 - - 3.482 ms
::1 GET /books? 304 - - 2.694 ms
::1 GET /books? 304 - - 2.776 ms
::1 GET /books? 304 - - 3.010 ms
::1 GET /books? 304 - - 2.004 ms
::1 GET /books? 304 - - 6.472 ms
::1 GET /books? 304 - - 3.748 ms
::1 GET /books? 304 - - 2.704 ms
::1 GET /books? 304 - - 6.060 ms
::1 GET /books? 304 - - 5.209 ms
::1 POST /auth/login 200 235 - 73.943 ms
::1 GET /books? 304 - - 5.300 ms
::1 GET /books? 304 - - 2.570 ms
::1 PATCH /books/6938856f1999ef8f95d65f9b 200 210 - 2.084 ms
::1 GET /books? 200 399 - 3.177 ms
::1 GET /books?category=misterio 304 - - 1.577 ms
::1 GET /books?category=fantasia 304 - - 2.605 ms
::1 GET /books?category=fantasia 304 - - 2.743 ms
::1 GET /books?category=terror 200 212 - 2.066 ms
::1 GET /books? 304 - - 1.980 ms
::1 PATCH /books/69375b2956ac60fa646c12d0 200 210 - 1.907 ms
::1 GET /books? 200 399 - 3.024 ms
::1 GET /books?category=misterio 304 - - 2.221 ms
::1 GET /books?category=fantasia 200 212 - 1.676 ms
::1 GET /books?category=terror 304 - - 2.552 ms
::1 GET /books? 304 - - 1.638 ms
::1 GET /books? 304 - - 5.759 ms
::1 GET /books? 304 - - 4.531 ms
::1 POST /auth/login 200 235 - 70.437 ms
::1 GET /books? 304 - - 3.066 ms
::1 GET /books? 304 - - 3.563 ms
::1 GET /books? 304 - - 2.592 ms
::1 GET /books? 304 - - 5.561 ms
::1 POST /auth/login 200 235 - 71.828 ms
::1 GET /books? 304 - - 3.176 ms
::1 GET /books? 304 - - 5.800 ms
::1 POST /books 400 159 - 1.278 ms
::1 POST /books 400 159 - 0.516 ms
::1 POST /books 400 159 - 0.529 ms
::1 GET /books? 304 - - 3.169 ms
::1 GET /books? 304 - - 6.763 ms
::1 POST /auth/login 200 235 - 70.418 ms
::1 GET /books? 304 - - 4.525 ms
::1 GET /books? 304 - - 3.043 ms
::1 POST /books 400 159 - 0.771 ms
::1 POST /books 400 96 - 0.646 ms
::1 GET /books? 304 - - 4.455 ms
::1 GET /books? 304 - - 7.052 ms
::1 GET /books?category=terror 304 - - 2.193 ms
::1 POST /auth/login 200 235 - 70.845 ms
::1 GET /books? 304 - - 2.397 ms
::1 GET /books? 304 - - 3.871 ms
::1 POST /books 400 200 - 0.696 ms
::1 GET /books? 304 - - 2.454 ms
::1 GET /books? 304 - - 2.303 ms
::1 POST /auth/login 200 235 - 70.191 ms
::1 GET /books? 304 - - 2.726 ms
::1 GET /books? 304 - - 4.308 ms
::1 POST /books 400 200 - 0.642 ms
::1 POST /books 400 200 - 0.852 ms
::1 POST /books 400 200 - 0.618 ms
::1 POST /books 400 200 - 0.526 ms
::1 POST /books 400 200 - 0.595 ms
::1 GET /books? 304 - - 5.869 ms
::1 GET /books? 304 - - 6.119 ms
::1 POST /auth/login 200 235 - 70.387 ms
::1 GET /books? 304 - - 2.107 ms
::1 GET /books? 304 - - 4.561 ms
::1 PATCH /books/6938856f1999ef8f95d65f9b 200 206 - 2.176 ms
::1 GET /books? 200 395 - 3.237 ms
::1 PATCH /books/6938856f1999ef8f95d65f9b 200 212 - 1.757 ms
::1 GET /books? 200 401 - 1.870 ms
::1 GET /books?category=fantasia 200 401 - 1.767 ms
::1 GET /books?category=fantasia 304 - - 1.794 ms
::1 GET /books?category=terror 200 26 - 2.099 ms
::1 GET /books?category=fantasia 304 - - 1.642 ms
::1 GET /books?category=ciencia_ficcion 304 - - 1.567 ms
::1 GET /books? 304 - - 1.628 ms
::1 POST /books 400 159 - 0.594 ms
::1 GET /books? 304 - - 17.990 ms
::1 GET /books? 304 - - 4.759 ms
::1 GET /books? 304 - - 9.677 ms
::1 GET /books? 304 - - 9.983 ms
::1 GET /books?category=misterio 304 - - 4.221 ms
::1 GET /books?category=terror 304 - - 3.109 ms
::1 GET /books?category=fantasia 304 - - 3.283 ms
::1 GET /books? 304 - - 2.761 ms
::1 GET /books? 304 - - 3.247 ms
::1 POST /auth/login 200 235 - 85.134 ms
::1 GET /books? 304 - - 5.020 ms
::1 GET /books? 304 - - 3.848 ms
::1 POST /books 400 159 - 4.085 ms
::1 POST /books 400 159 - 0.829 ms
::1 POST /books 400 159 - 7.120 ms
::1 GET /books? 304 - - 14.901 ms
::1 GET /books? 304 - - 2.745 ms
::1 PATCH /books/6938856f1999ef8f95d65f9b 200 212 - 8.873 ms
::1 GET /books? 200 401 - 3.624 ms
::1 GET /books?category=misterio 200 214 - 2.849 ms
::1 GET /books? 304 - - 3.570 ms
::1 GET /books? 304 - - 22.504 ms
::1 GET /books? 304 - - 6.875 ms
::1 POST /auth/login 200 235 - 88.937 ms
::1 GET /books? 304 - - 6.029 ms
::1 GET /books? 304 - - 5.418 ms
::1 POST /books 400 159 - 3.832 ms
::1 GET /books? 304 - - 21.220 ms
::1 GET /books? 304 - - 5.146 ms
::1 POST /auth/login 200 235 - 88.451 ms
::1 GET /books? 304 - - 4.151 ms
::1 GET /books? 304 - - 4.682 ms
::1 POST /books 400 220 - 3.986 ms
::1 POST /books 400 220 - 0.928 ms
::1 POST /books 400 220 - 0.659 ms
::1 GET /books? 304 - - 5.349 ms
::1 GET /books? 304 - - 8.544 ms
::1 GET /books? 304 - - 2.602 ms
::1 GET /books? 304 - - 2.865 ms
::1 GET /books? 304 - - 19.158 ms
::1 GET /books? 304 - - 5.289 ms
::1 POST /auth/login 200 235 - 86.579 ms
::1 GET /books? 304 - - 6.651 ms
::1 GET /books? 304 - - 5.836 ms
::1 POST /books 400 220 - 3.868 ms
::1 POST /books 400 220 - 0.802 ms
::1 GET /books? 304 - - 25.308 ms
::1 GET /books? 304 - - 3.314 ms
::1 POST /auth/login 200 235 - 86.998 ms
::1 GET /books? 304 - - 4.341 ms
::1 GET /books? 304 - - 4.099 ms
::1 POST /books 201 188 - 12.790 ms
::1 GET /books? 200 566 - 4.082 ms
::1 GET /books? 304 - - 5.027 ms
::1 DELETE /books/693898988020c04039aba265 200 188 - 3.520 ms
::1 GET /books? 200 401 - 26.066 ms
::1 GET /books? 304 - - 8.217 ms
::1 POST /auth/register 400 147 - 1.863 ms
::1 POST /auth/register 201 159 - 93.423 ms
::1 GET /books? 304 - - 16.305 ms
::1 GET /books? 304 - - 3.821 ms
::1 POST /auth/login 400 91 - 1.921 ms
::1 POST /auth/login 400 91 - 0.347 ms
::1 GET /books? - - - - ms
::1 GET /books? - - - - ms
::1 GET /books? 200 401 - 24.108 ms
::1 GET /books? 304 - - 5.641 ms
